0 verbose cli C:\Program Files\nodejs\node.exe C:\Program Files\nodejs\node_modules\npm\bin\npm-cli.js
1 info using npm@11.6.2
2 info using node@v24.13.0
3 silly config load:file:C:\Program Files\nodejs\node_modules\npm\npmrc
4 silly config load:file:C:\Users\tradu\OneDrive\Documentos\Aplicaciones\ResponsibleWealth\.npmrc
5 silly config load:file:C:\Users\tradu\.npmrc
6 silly config load:file:C:\Users\tradu\AppData\Roaming\npm\etc\npmrc
7 verbose title npm install recharts
8 verbose argv "install" "recharts" "--cache" ".npm-cache"
9 verbose logfile logs-max:10 dir:C:\Users\tradu\OneDrive\Documentos\Aplicaciones\ResponsibleWealth\.npm-cache\_logs\2026-03-20T14_50_54_248Z-
10 verbose logfile C:\Users\tradu\OneDrive\Documentos\Aplicaciones\ResponsibleWealth\.npm-cache\_logs\2026-03-20T14_50_54_248Z-debug-0.log
11 silly logfile done cleaning log files
12 silly packumentCache heap:4496293888 maxSize:1124073472 maxEntrySize:562036736
13 verbose shrinkwrap failed to load node_modules/.package-lock.json out of date, updated: node_modules
14 silly idealTree buildDeps
15 silly fetch manifest recharts@*
16 silly packumentCache full:https://registry.npmjs.org/recharts cache-miss
17 http fetch GET 200 https://registry.npmjs.org/recharts 250ms (cache miss)
18 silly packumentCache full:https://registry.npmjs.org/recharts set size:undefined disposed:false
19 silly fetch manifest react@^19.0.0
20 silly packumentCache full:https://registry.npmjs.org/react cache-miss
21 http fetch GET 200 https://registry.npmjs.org/react 83ms (cache revalidated)
22 silly packumentCache full:https://registry.npmjs.org/react set size:6551477 disposed:false
23 silly fetch manifest react-dom@^19.0.0
24 silly packumentCache full:https://registry.npmjs.org/react-dom cache-miss
25 http fetch GET 200 https://registry.npmjs.org/react-dom 91ms (cache revalidated)
26 silly packumentCache full:https://registry.npmjs.org/react-dom set size:8698753 disposed:false
27 silly fetch manifest react-is@^16.8.0 || ^17.0.0 || ^18.0.0 || ^19.0.0
28 silly packumentCache full:https://registry.npmjs.org/react-is cache-miss
29 http fetch GET 200 https://registry.npmjs.org/react-is 152ms (cache miss)
30 silly packumentCache full:https://registry.npmjs.org/react-is set size:undefined disposed:false
31 silly placeDep ROOT recharts@3.8.0 OK for: responsible-wealth@0.1.0 want: *
32 silly placeDep ROOT react-is@19.2.4 OK for: recharts@3.8.0 want: ^16.8.0 || ^17.0.0 || ^18.0.0 || ^19.0.0
33 silly fetch manifest @reduxjs/toolkit@^1.9.0 || 2.x.x
34 silly packumentCache full:https://registry.npmjs.org/@reduxjs%2ftoolkit cache-miss
35 silly fetch manifest clsx@^2.1.1
36 silly packumentCache full:https://registry.npmjs.org/clsx cache-miss
37 silly fetch manifest decimal.js-light@^2.5.1
38 silly packumentCache full:https://registry.npmjs.org/decimal.js-light cache-miss
39 silly fetch manifest es-toolkit@^1.39.3
40 silly packumentCache full:https://registry.npmjs.org/es-toolkit cache-miss
41 silly fetch manifest eventemitter3@^5.0.1
42 silly packumentCache full:https://registry.npmjs.org/eventemitter3 cache-miss
43 silly fetch manifest immer@^10.1.1
44 silly packumentCache full:https://registry.npmjs.org/immer cache-miss
45 silly fetch manifest react-redux@8.x.x || 9.x.x
46 silly packumentCache full:https://registry.npmjs.org/react-redux cache-miss
47 silly fetch manifest reselect@5.1.1
48 silly packumentCache full:https://registry.npmjs.org/reselect cache-miss
49 silly fetch manifest tiny-invariant@^1.3.3
50 silly packumentCache full:https://registry.npmjs.org/tiny-invariant cache-miss
51 silly fetch manifest use-sync-external-store@^1.2.2
52 silly packumentCache full:https://registry.npmjs.org/use-sync-external-store cache-miss
53 silly fetch manifest victory-vendor@^37.0.2
54 silly packumentCache full:https://registry.npmjs.org/victory-vendor cache-miss
55 http fetch GET 200 https://registry.npmjs.org/clsx 94ms (cache miss)
56 silly packumentCache full:https://registry.npmjs.org/clsx set size:undefined disposed:false
57 http fetch GET 200 https://registry.npmjs.org/decimal.js-light 155ms (cache miss)
58 silly packumentCache full:https://registry.npmjs.org/decimal.js-light set size:undefined disposed:false
59 http fetch GET 200 https://registry.npmjs.org/eventemitter3 166ms (cache miss)
60 silly packumentCache full:https://registry.npmjs.org/eventemitter3 set size:undefined disposed:false
61 http fetch GET 200 https://registry.npmjs.org/tiny-invariant 171ms (cache miss)
62 silly packumentCache full:https://registry.npmjs.org/tiny-invariant set size:undefined disposed:false
63 http fetch GET 200 https://registry.npmjs.org/victory-vendor 178ms (cache miss)
64 silly packumentCache full:https://registry.npmjs.org/victory-vendor set size:undefined disposed:false
65 http fetch GET 200 https://registry.npmjs.org/react-redux 196ms (cache miss)
66 silly packumentCache full:https://registry.npmjs.org/react-redux set size:undefined disposed:false
67 http fetch GET 200 https://registry.npmjs.org/@reduxjs%2ftoolkit 204ms (cache miss)
68 silly packumentCache full:https://registry.npmjs.org/@reduxjs%2ftoolkit set size:undefined disposed:false
69 http fetch GET 200 https://registry.npmjs.org/immer 214ms (cache miss)
70 silly packumentCache full:https://registry.npmjs.org/immer set size:undefined disposed:false
71 http fetch GET 200 https://registry.npmjs.org/reselect 225ms (cache miss)
72 silly packumentCache full:https://registry.npmjs.org/reselect set size:undefined disposed:false
73 http fetch GET 200 https://registry.npmjs.org/use-sync-external-store 258ms (cache miss)
74 silly packumentCache full:https://registry.npmjs.org/use-sync-external-store set size:undefined disposed:false
75 http fetch GET 200 https://registry.npmjs.org/es-toolkit 402ms (cache miss)
76 silly packumentCache full:https://registry.npmjs.org/es-toolkit set size:undefined disposed:false
77 silly fetch manifest react@^16.8.0 || ^17.0.0 || ^18.0.0 || ^19.0.0
78 silly packumentCache full:https://registry.npmjs.org/react cache-miss
79 http cache https://registry.npmjs.org/react 25ms (cache hit)
80 silly packumentCache full:https://registry.npmjs.org/react set size:6551477 disposed:false
81 silly fetch manifest @types/react@^18.2.25 || ^19
82 silly packumentCache full:https://registry.npmjs.org/@types%2freact cache-miss
83 http fetch GET 200 https://registry.npmjs.org/@types%2freact 100ms (cache revalidated)
84 silly packumentCache full:https://registry.npmjs.org/@types%2freact set size:2588986 disposed:false
85 silly fetch manifest redux@^5.0.0
86 silly packumentCache full:https://registry.npmjs.org/redux cache-miss
87 http fetch GET 200 https://registry.npmjs.org/redux 64ms (cache miss)
88 silly packumentCache full:https://registry.npmjs.org/redux set size:undefined disposed:false
89 silly placeDep ROOT @reduxjs/toolkit@2.11.2 OK for: recharts@3.8.0 want: ^1.9.0 || 2.x.x
90 silly placeDep ROOT clsx@2.1.1 OK for: recharts@3.8.0 want: ^2.1.1
91 silly placeDep ROOT decimal.js-light@2.5.1 OK for: recharts@3.8.0 want: ^2.5.1
92 silly placeDep ROOT es-toolkit@1.45.1 OK for: recharts@3.8.0 want: ^1.39.3
93 silly placeDep ROOT eventemitter3@5.0.4 OK for: recharts@3.8.0 want: ^5.0.1
94 silly placeDep ROOT immer@10.2.0 OK for: recharts@3.8.0 want: ^10.1.1
95 silly placeDep ROOT react-redux@9.2.0 OK for: recharts@3.8.0 want: 8.x.x || 9.x.x
96 silly placeDep ROOT reselect@5.1.1 OK for: recharts@3.8.0 want: 5.1.1
97 silly placeDep ROOT tiny-invariant@1.3.3 OK for: recharts@3.8.0 want: ^1.3.3
98 silly placeDep ROOT use-sync-external-store@1.6.0 OK for: recharts@3.8.0 want: ^1.2.2
99 silly placeDep ROOT victory-vendor@37.3.6 OK for: recharts@3.8.0 want: ^37.0.2
100 silly fetch manifest @standard-schema/utils@^0.3.0
101 silly packumentCache full:https://registry.npmjs.org/@standard-schema%2futils cache-miss
102 silly fetch manifest immer@^11.0.0
103 silly packumentCache full:https://registry.npmjs.org/immer cache-miss
104 silly fetch manifest redux@^5.0.1
105 silly packumentCache full:https://registry.npmjs.org/redux cache-miss
106 silly fetch manifest redux-thunk@^3.1.0
107 silly packumentCache full:https://registry.npmjs.org/redux-thunk cache-miss
108 silly fetch manifest reselect@^5.1.0
109 silly packumentCache full:https://registry.npmjs.org/reselect cache-miss
110 silly fetch manifest @types/use-sync-external-store@^0.0.6
111 silly packumentCache full:https://registry.npmjs.org/@types%2fuse-sync-external-store cache-miss
112 silly fetch manifest use-sync-external-store@^1.4.0
113 silly packumentCache full:https://registry.npmjs.org/use-sync-external-store cache-miss
114 silly fetch manifest d3-ease@^3.0.1
115 silly packumentCache full:https://registry.npmjs.org/d3-ease cache-miss
116 silly fetch manifest d3-time@^3.0.0
117 silly packumentCache full:https://registry.npmjs.org/d3-time cache-miss
118 silly fetch manifest d3-array@^3.1.6
119 silly packumentCache full:https://registry.npmjs.org/d3-array cache-miss
120 silly fetch manifest d3-scale@^4.0.2
121 silly packumentCache full:https://registry.npmjs.org/d3-scale cache-miss
122 http cache https://registry.npmjs.org/immer 19ms (cache hit)
123 silly packumentCache full:https://registry.npmjs.org/immer set size:747136 disposed:false
124 silly fetch manifest d3-shape@^3.1.0
125 silly packumentCache full:https://registry.npmjs.org/d3-shape cache-miss
126 http cache https://registry.npmjs.org/redux 27ms (cache hit)
127 silly packumentCache full:https://registry.npmjs.org/redux set size:553833 disposed:false
128 silly fetch manifest d3-timer@^3.0.1
129 silly packumentCache full:https://registry.npmjs.org/d3-timer cache-miss
130 http cache https://registry.npmjs.org/reselect 34ms (cache hit)
131 silly packumentCache full:https://registry.npmjs.org/reselect set size:910470 disposed:false
132 silly fetch manifest @types/d3-ease@^3.0.0
133 silly packumentCache full:https://registry.npmjs.org/@types%2fd3-ease cache-miss
134 http cache https://registry.npmjs.org/use-sync-external-store 46ms (cache hit)
135 silly packumentCache full:https://registry.npmjs.org/use-sync-external-store set size:4575404 disposed:false
136 silly fetch manifest @types/d3-time@^3.0.0
137 silly packumentCache full:https://registry.npmjs.org/@types%2fd3-time cache-miss
138 http fetch GET 200 https://registry.npmjs.org/@types%2fuse-sync-external-store 98ms (cache miss)
139 silly packumentCache full:https://registry.npmjs.org/@types%2fuse-sync-external-store set size:undefined disposed:false
140 silly fetch manifest d3-interpolate@^3.0.1
141 silly packumentCache full:https://registry.npmjs.org/d3-interpolate cache-miss
142 http fetch GET 200 https://registry.npmjs.org/d3-time 101ms (cache miss)
143 silly packumentCache full:https://registry.npmjs.org/d3-time set size:undefined disposed:false
144 silly fetch manifest @types/d3-array@^3.0.3
145 silly packumentCache full:https://registry.npmjs.org/@types%2fd3-array cache-miss
146 http fetch GET 200 https://registry.npmjs.org/d3-ease 107ms (cache miss)
147 silly packumentCache full:https://registry.npmjs.org/d3-ease set size:undefined disposed:false
148 silly fetch manifest @types/d3-scale@^4.0.2
149 silly packumentCache full:https://registry.npmjs.org/@types%2fd3-scale cache-miss
150 http fetch GET 200 https://registry.npmjs.org/d3-array 110ms (cache miss)
151 silly packumentCache full:https://registry.npmjs.org/d3-array set size:undefined disposed:false
152 silly fetch manifest @types/d3-shape@^3.1.0
153 silly packumentCache full:https://registry.npmjs.org/@types%2fd3-shape cache-miss
154 http fetch GET 200 https://registry.npmjs.org/redux-thunk 115ms (cache miss)
155 silly packumentCache full:https://registry.npmjs.org/redux-thunk set size:undefined disposed:false
156 silly fetch manifest @types/d3-timer@^3.0.0
157 silly packumentCache full:https://registry.npmjs.org/@types%2fd3-timer cache-miss
158 http fetch GET 200 https://registry.npmjs.org/d3-shape 99ms (cache miss)
159 silly packumentCache full:https://registry.npmjs.org/d3-shape set size:undefined disposed:false
160 silly fetch manifest @types/d3-interpolate@^3.0.1
161 silly packumentCache full:https://registry.npmjs.org/@types%2fd3-interpolate cache-miss
162 http fetch GET 200 https://registry.npmjs.org/d3-scale 126ms (cache miss)
163 silly packumentCache full:https://registry.npmjs.org/d3-scale set size:undefined disposed:false
164 http fetch GET 200 https://registry.npmjs.org/d3-timer 105ms (cache miss)
165 silly packumentCache full:https://registry.npmjs.org/d3-timer set size:undefined disposed:false
166 http fetch GET 200 https://registry.npmjs.org/@types%2fd3-ease 101ms (cache miss)
167 silly packumentCache full:https://registry.npmjs.org/@types%2fd3-ease set size:undefined disposed:false
168 http fetch GET 200 https://registry.npmjs.org/@types%2fd3-time 75ms (cache miss)
169 silly packumentCache full:https://registry.npmjs.org/@types%2fd3-time set size:undefined disposed:false
170 http fetch GET 200 https://registry.npmjs.org/d3-interpolate 51ms (cache miss)
171 silly packumentCache full:https://registry.npmjs.org/d3-interpolate set size:undefined disposed:false
172 http fetch GET 200 https://registry.npmjs.org/@types%2fd3-array 52ms (cache miss)
173 silly packumentCache full:https://registry.npmjs.org/@types%2fd3-array set size:undefined disposed:false
174 http fetch GET 200 https://registry.npmjs.org/@types%2fd3-timer 54ms (cache miss)
175 silly packumentCache full:https://registry.npmjs.org/@types%2fd3-timer set size:undefined disposed:false
176 http fetch GET 200 https://registry.npmjs.org/@types%2fd3-scale 63ms (cache miss)
177 silly packumentCache full:https://registry.npmjs.org/@types%2fd3-scale set size:undefined disposed:false
178 http fetch GET 200 https://registry.npmjs.org/@types%2fd3-interpolate 95ms (cache miss)
179 silly packumentCache full:https://registry.npmjs.org/@types%2fd3-interpolate set size:undefined disposed:false
180 http fetch GET 200 https://registry.npmjs.org/@types%2fd3-shape 106ms (cache miss)
181 silly packumentCache full:https://registry.npmjs.org/@types%2fd3-shape set size:undefined disposed:false
182 http fetch GET 200 https://registry.npmjs.org/@standard-schema%2futils 727ms (cache miss)
183 silly packumentCache full:https://registry.npmjs.org/@standard-schema%2futils set size:undefined disposed:false
184 silly placeDep ROOT @standard-schema/utils@0.3.0 OK for: @reduxjs/toolkit@2.11.2 want: ^0.3.0
185 silly placeDep node_modules/@reduxjs/toolkit immer@11.1.4 OK for: @reduxjs/toolkit@2.11.2 want: ^11.0.0
186 silly placeDep ROOT redux@5.0.1 OK for: @reduxjs/toolkit@2.11.2 want: ^5.0.1
187 silly placeDep ROOT redux-thunk@3.1.0 OK for: @reduxjs/toolkit@2.11.2 want: ^3.1.0
188 silly placeDep ROOT @types/use-sync-external-store@0.0.6 OK for: react-redux@9.2.0 want: ^0.0.6
189 silly placeDep ROOT @types/d3-array@3.2.2 OK for: victory-vendor@37.3.6 want: ^3.0.3
190 silly placeDep ROOT @types/d3-ease@3.0.2 OK for: victory-vendor@37.3.6 want: ^3.0.0
191 silly placeDep ROOT @types/d3-interpolate@3.0.4 OK for: victory-vendor@37.3.6 want: ^3.0.1
192 silly placeDep ROOT @types/d3-scale@4.0.9 OK for: victory-vendor@37.3.6 want: ^4.0.2
193 silly placeDep ROOT @types/d3-shape@3.1.8 OK for: victory-vendor@37.3.6 want: ^3.1.0
194 silly placeDep ROOT @types/d3-time@3.0.4 OK for: victory-vendor@37.3.6 want: ^3.0.0
195 silly placeDep ROOT @types/d3-timer@3.0.2 OK for: victory-vendor@37.3.6 want: ^3.0.0
196 silly placeDep ROOT d3-array@3.2.4 OK for: victory-vendor@37.3.6 want: ^3.1.6
197 silly placeDep ROOT d3-ease@3.0.1 OK for: victory-vendor@37.3.6 want: ^3.0.1
198 silly placeDep ROOT d3-interpolate@3.0.1 OK for: victory-vendor@37.3.6 want: ^3.0.1
199 silly placeDep ROOT d3-scale@4.0.2 OK for: victory-vendor@37.3.6 want: ^4.0.2
200 silly placeDep ROOT d3-shape@3.2.0 OK for: victory-vendor@37.3.6 want: ^3.1.0
201 silly placeDep ROOT d3-time@3.1.0 OK for: victory-vendor@37.3.6 want: ^3.0.0
202 silly placeDep ROOT d3-timer@3.0.1 OK for: victory-vendor@37.3.6 want: ^3.0.1
203 silly fetch manifest @types/d3-color@*
204 silly packumentCache full:https://registry.npmjs.org/@types%2fd3-color cache-miss
205 silly fetch manifest @types/d3-time@*
206 silly packumentCache full:https://registry.npmjs.org/@types%2fd3-time cache-miss
207 silly fetch manifest @types/d3-path@*
208 silly packumentCache full:https://registry.npmjs.org/@types%2fd3-path cache-miss
209 silly fetch manifest internmap@1 - 2
210 silly packumentCache full:https://registry.npmjs.org/internmap cache-miss
211 silly fetch manifest d3-color@1 - 3
212 silly packumentCache full:https://registry.npmjs.org/d3-color cache-miss
213 silly fetch manifest d3-format@1 - 3
214 silly packumentCache full:https://registry.npmjs.org/d3-format cache-miss
215 silly fetch manifest d3-time@2.1.1 - 3
216 silly packumentCache full:https://registry.npmjs.org/d3-time cache-miss
217 silly fetch manifest d3-time-format@2 - 4
218 silly packumentCache full:https://registry.npmjs.org/d3-time-format cache-miss
219 silly fetch manifest d3-path@^3.1.0
220 silly packumentCache full:https://registry.npmjs.org/d3-path cache-miss
221 http cache https://registry.npmjs.org/@types%2fd3-time 18ms (cache hit)
222 silly packumentCache full:https://registry.npmjs.org/@types%2fd3-time set size:52652 disposed:false
223 http cache https://registry.npmjs.org/d3-time 18ms (cache hit)
224 silly packumentCache full:https://registry.npmjs.org/d3-time set size:150406 disposed:false
225 http fetch GET 200 https://registry.npmjs.org/d3-color 68ms (cache miss)
226 silly packumentCache full:https://registry.npmjs.org/d3-color set size:undefined disposed:false
227 http fetch GET 200 https://registry.npmjs.org/d3-path 70ms (cache miss)
228 silly packumentCache full:https://registry.npmjs.org/d3-path set size:undefined disposed:false
229 http fetch GET 200 https://registry.npmjs.org/internmap 72ms (cache miss)
230 silly packumentCache full:https://registry.npmjs.org/internmap set size:undefined disposed:false
231 http fetch GET 200 https://registry.npmjs.org/d3-format 72ms (cache miss)
232 silly packumentCache full:https://registry.npmjs.org/d3-format set size:undefined disposed:false
233 http fetch GET 200 https://registry.npmjs.org/d3-time-format 75ms (cache miss)
234 silly packumentCache full:https://registry.npmjs.org/d3-time-format set size:undefined disposed:false
235 http fetch GET 200 https://registry.npmjs.org/@types%2fd3-path 79ms (cache miss)
236 silly packumentCache full:https://registry.npmjs.org/@types%2fd3-path set size:undefined disposed:false
237 http fetch GET 200 https://registry.npmjs.org/@types%2fd3-color 82ms (cache miss)
238 silly packumentCache full:https://registry.npmjs.org/@types%2fd3-color set size:undefined disposed:false
239 silly placeDep ROOT @types/d3-color@3.1.3 OK for: @types/d3-interpolate@3.0.4 want: *
240 silly placeDep ROOT @types/d3-path@3.1.1 OK for: @types/d3-shape@3.1.8 want: *
241 silly placeDep ROOT internmap@2.0.3 OK for: d3-array@3.2.4 want: 1 - 2
242 silly placeDep ROOT d3-color@3.1.0 OK for: d3-interpolate@3.0.1 want: 1 - 3
243 silly placeDep ROOT d3-format@3.1.2 OK for: d3-scale@4.0.2 want: 1 - 3
244 silly placeDep ROOT d3-time-format@4.1.0 OK for: d3-scale@4.0.2 want: 2 - 4
245 silly placeDep ROOT d3-path@3.1.0 OK for: d3-shape@3.2.0 want: ^3.1.0
246 silly reify moves {}
247 silly audit bulk request {
247 silly audit   '@emnapi/runtime': [ '1.9.1' ],
247 silly audit   '@esbuild/aix-ppc64': [ '0.27.4' ],
247 silly audit   '@esbuild/android-arm': [ '0.27.4' ],
247 silly audit   '@esbuild/android-arm64': [ '0.27.4' ],
247 silly audit   '@esbuild/android-x64': [ '0.27.4' ],
247 silly audit   '@esbuild/darwin-arm64': [ '0.27.4' ],
247 silly audit   '@esbuild/darwin-x64': [ '0.27.4' ],
247 silly audit   '@esbuild/freebsd-arm64': [ '0.27.4' ],
247 silly audit   '@esbuild/freebsd-x64': [ '0.27.4' ],
247 silly audit   '@esbuild/linux-arm': [ '0.27.4' ],
247 silly audit   '@esbuild/linux-arm64': [ '0.27.4' ],
247 silly audit   '@esbuild/linux-ia32': [ '0.27.4' ],
247 silly audit   '@esbuild/linux-loong64': [ '0.27.4' ],
247 silly audit   '@esbuild/linux-mips64el': [ '0.27.4' ],
247 silly audit   '@esbuild/linux-ppc64': [ '0.27.4' ],
247 silly audit   '@esbuild/linux-riscv64': [ '0.27.4' ],
247 silly audit   '@esbuild/linux-s390x': [ '0.27.4' ],
247 silly audit   '@esbuild/linux-x64': [ '0.27.4' ],
247 silly audit   '@esbuild/netbsd-arm64': [ '0.27.4' ],
247 silly audit   '@esbuild/netbsd-x64': [ '0.27.4' ],
247 silly audit   '@esbuild/openbsd-arm64': [ '0.27.4' ],
247 silly audit   '@esbuild/openbsd-x64': [ '0.27.4' ],
247 silly audit   '@esbuild/openharmony-arm64': [ '0.27.4' ],
247 silly audit   '@esbuild/sunos-x64': [ '0.27.4' ],
247 silly audit   '@esbuild/win32-arm64': [ '0.27.4' ],
247 silly audit   '@esbuild/win32-ia32': [ '0.27.4' ],
247 silly audit   '@esbuild/win32-x64': [ '0.27.4' ],
247 silly audit   '@img/colour': [ '1.1.0' ],
247 silly audit   '@img/sharp-darwin-arm64': [ '0.34.5' ],
247 silly audit   '@img/sharp-darwin-x64': [ '0.34.5' ],
247 silly audit   '@img/sharp-libvips-darwin-arm64': [ '1.2.4' ],
247 silly audit   '@img/sharp-libvips-darwin-x64': [ '1.2.4' ],
247 silly audit   '@img/sharp-libvips-linux-arm': [ '1.2.4' ],
247 silly audit   '@img/sharp-libvips-linux-arm64': [ '1.2.4' ],
247 silly audit   '@img/sharp-libvips-linux-ppc64': [ '1.2.4' ],
247 silly audit   '@img/sharp-libvips-linux-riscv64': [ '1.2.4' ],
247 silly audit   '@img/sharp-libvips-linux-s390x': [ '1.2.4' ],
247 silly audit   '@img/sharp-libvips-linux-x64': [ '1.2.4' ],
247 silly audit   '@img/sharp-libvips-linuxmusl-arm64': [ '1.2.4' ],
247 silly audit   '@img/sharp-libvips-linuxmusl-x64': [ '1.2.4' ],
247 silly audit   '@img/sharp-linux-arm': [ '0.34.5' ],
247 silly audit   '@img/sharp-linux-arm64': [ '0.34.5' ],
247 silly audit   '@img/sharp-linux-ppc64': [ '0.34.5' ],
247 silly audit   '@img/sharp-linux-riscv64': [ '0.34.5' ],
247 silly audit   '@img/sharp-linux-s390x': [ '0.34.5' ],
247 silly audit   '@img/sharp-linux-x64': [ '0.34.5' ],
247 silly audit   '@img/sharp-linuxmusl-arm64': [ '0.34.5' ],
247 silly audit   '@img/sharp-linuxmusl-x64': [ '0.34.5' ],
247 silly audit   '@img/sharp-wasm32': [ '0.34.5' ],
247 silly audit   '@img/sharp-win32-arm64': [ '0.34.5' ],
247 silly audit   '@img/sharp-win32-ia32': [ '0.34.5' ],
247 silly audit   '@img/sharp-win32-x64': [ '0.34.5' ],
247 silly audit   '@jridgewell/sourcemap-codec': [ '1.5.5' ],
247 silly audit   '@next/env': [ '15.5.14' ],
247 silly audit   '@next/swc-darwin-arm64': [ '15.5.14' ],
247 silly audit   '@next/swc-darwin-x64': [ '15.5.14' ],
247 silly audit   '@next/swc-linux-arm64-gnu': [ '15.5.14' ],
247 silly audit   '@next/swc-linux-arm64-musl': [ '15.5.14' ],
247 silly audit   '@next/swc-linux-x64-gnu': [ '15.5.14' ],
247 silly audit   '@next/swc-linux-x64-musl': [ '15.5.14' ],
247 silly audit   '@next/swc-win32-arm64-msvc': [ '15.5.14' ],
247 silly audit   '@next/swc-win32-x64-msvc': [ '15.5.14' ],
247 silly audit   '@prisma/client': [ '6.19.2' ],
247 silly audit   '@prisma/config': [ '6.19.2' ],
247 silly audit   '@prisma/debug': [ '6.19.2' ],
247 silly audit   '@prisma/engines': [ '6.19.2' ],
247 silly audit   '@prisma/engines-version': [ '7.1.1-3.c2990dca591cba766e3b7ef5d9e8a84796e47ab7' ],
247 silly audit   '@prisma/fetch-engine': [ '6.19.2' ],
247 silly audit   '@prisma/get-platform': [ '6.19.2' ],
247 silly audit   '@react-email/render': [ '1.1.2' ],
247 silly audit   '@rollup/rollup-android-arm-eabi': [ '4.59.0' ],
247 silly audit   '@rollup/rollup-android-arm64': [ '4.59.0' ],
247 silly audit   '@rollup/rollup-darwin-arm64': [ '4.59.0' ],
247 silly audit   '@rollup/rollup-darwin-x64': [ '4.59.0' ],
247 silly audit   '@rollup/rollup-freebsd-arm64': [ '4.59.0' ],
247 silly audit   '@rollup/rollup-freebsd-x64': [ '4.59.0' ],
247 silly audit   '@rollup/rollup-linux-arm-gnueabihf': [ '4.59.0' ],
247 silly audit   '@rollup/rollup-linux-arm-musleabihf': [ '4.59.0' ],
247 silly audit   '@rollup/rollup-linux-arm64-gnu': [ '4.59.0' ],
247 silly audit   '@rollup/rollup-linux-arm64-musl': [ '4.59.0' ],
247 silly audit   '@rollup/rollup-linux-loong64-gnu': [ '4.59.0' ],
247 silly audit   '@rollup/rollup-linux-loong64-musl': [ '4.59.0' ],
247 silly audit   '@rollup/rollup-linux-ppc64-gnu': [ '4.59.0' ],
247 silly audit   '@rollup/rollup-linux-ppc64-musl': [ '4.59.0' ],
247 silly audit   '@rollup/rollup-linux-riscv64-gnu': [ '4.59.0' ],
247 silly audit   '@rollup/rollup-linux-riscv64-musl': [ '4.59.0' ],
247 silly audit   '@rollup/rollup-linux-s390x-gnu': [ '4.59.0' ],
247 silly audit   '@rollup/rollup-linux-x64-gnu': [ '4.59.0' ],
247 silly audit   '@rollup/rollup-linux-x64-musl': [ '4.59.0' ],
247 silly audit   '@rollup/rollup-openbsd-x64': [ '4.59.0' ],
247 silly audit   '@rollup/rollup-openharmony-arm64': [ '4.59.0' ],
247 silly audit   '@rollup/rollup-win32-arm64-msvc': [ '4.59.0' ],
247 silly audit   '@rollup/rollup-win32-ia32-msvc': [ '4.59.0' ],
247 silly audit   '@rollup/rollup-win32-x64-gnu': [ '4.59.0' ],
247 silly audit   '@rollup/rollup-win32-x64-msvc': [ '4.59.0' ],
247 silly audit   '@selderee/plugin-htmlparser2': [ '0.11.0' ],
247 silly audit   '@standard-schema/spec': [ '1.1.0' ],
247 silly audit   '@swc/helpers': [ '0.5.15' ],
247 silly audit   '@types/chai': [ '5.2.3' ],
247 silly audit   '@types/deep-eql': [ '4.0.2' ],
247 silly audit   '@types/estree': [ '1.0.8' ],
247 silly audit   '@types/node': [ '22.19.15' ],
247 silly audit   '@types/react': [ '19.2.14' ],
247 silly audit   '@types/react-dom': [ '19.2.3' ],
247 silly audit   '@vitest/expect': [ '3.2.4' ],
247 silly audit   '@vitest/mocker': [ '3.2.4' ],
247 silly audit   '@vitest/pretty-format': [ '3.2.4' ],
247 silly audit   '@vitest/runner': [ '3.2.4' ],
247 silly audit   '@vitest/snapshot': [ '3.2.4' ],
247 silly audit   '@vitest/spy': [ '3.2.4' ],
247 silly audit   '@vitest/utils': [ '3.2.4' ],
247 silly audit   'assertion-error': [ '2.0.1' ],
247 silly audit   c12: [ '3.1.0' ],
247 silly audit   cac: [ '6.7.14' ],
247 silly audit   'caniuse-lite': [ '1.0.30001780' ],
247 silly audit   chai: [ '5.3.3' ],
247 silly audit   'check-error': [ '2.1.3' ],
247 silly audit   chokidar: [ '4.0.3' ],
247 silly audit   citty: [ '0.1.6', '0.2.1' ],
247 silly audit   'client-only': [ '0.0.1' ],
247 silly audit   confbox: [ '0.2.4' ],
247 silly audit   consola: [ '3.4.2' ],
247 silly audit   csstype: [ '3.2.3' ],
247 silly audit   debug: [ '4.4.3' ],
247 silly audit   'deep-eql': [ '5.0.2' ],
247 silly audit   deepmerge: [ '4.3.1' ],
247 silly audit   'deepmerge-ts': [ '7.1.5' ],
247 silly audit   defu: [ '6.1.4' ],
247 silly audit   destr: [ '2.0.5' ],
247 silly audit   'detect-libc': [ '2.1.2' ],
247 silly audit   'dom-serializer': [ '2.0.0' ],
247 silly audit   domelementtype: [ '2.3.0' ],
247 silly audit   domhandler: [ '5.0.3' ],
247 silly audit   domutils: [ '3.2.2' ],
247 silly audit   dotenv: [ '16.6.1' ],
247 silly audit   effect: [ '3.18.4' ],
247 silly audit   empathic: [ '2.0.0' ],
247 silly audit   entities: [ '4.5.0' ],
247 silly audit   'es-module-lexer': [ '1.7.0' ],
247 silly audit   esbuild: [ '0.27.4' ],
247 silly audit   'estree-walker': [ '3.0.3' ],
247 silly audit   'expect-type': [ '1.3.0' ],
247 silly audit   exsolve: [ '1.0.8' ],
247 silly audit   'fast-check': [ '3.23.2' ],
247 silly audit   'fast-deep-equal': [ '2.0.1' ],
247 silly audit   fdir: [ '6.5.0' ],
247 silly audit   fsevents: [ '2.3.3' ],
247 silly audit   'get-tsconfig': [ '4.13.6' ],
247 silly audit   giget: [ '2.0.0' ],
247 silly audit   'html-to-text': [ '9.0.5' ],
247 silly audit   htmlparser2: [ '8.0.2' ],
247 silly audit   jiti: [ '2.6.1' ],
247 silly audit   jose: [ '6.2.2' ],
247 silly audit   'js-tokens': [ '9.0.1' ],
247 silly audit   leac: [ '0.6.0' ],
247 silly audit   loupe: [ '3.2.1' ],
247 silly audit   'magic-string': [ '0.30.21' ],
247 silly audit   ms: [ '2.1.3' ],
247 silly audit   nanoid: [ '3.3.11' ],
247 silly audit   next: [ '15.5.14' ],
247 silly audit   'node-fetch-native': [ '1.6.7' ],
247 silly audit   nypm: [ '0.6.5' ],
247 silly audit   ohash: [ '2.0.11' ],
247 silly audit   parseley: [ '0.12.1' ],
247 silly audit   pathe: [ '2.0.3' ],
247 silly audit   pathval: [ '2.0.1' ],
247 silly audit   peberminta: [ '0.9.0' ],
247 silly audit   'perfect-debounce': [ '1.0.0' ],
247 silly audit   picocolors: [ '1.1.1' ],
247 silly audit   picomatch: [ '4.0.3' ],
247 silly audit   'pkg-types': [ '2.3.0' ],
247 silly audit   postcss: [ '8.4.31', '8.5.8' ],
247 silly audit   prettier: [ '3.8.1' ],
247 silly audit   prisma: [ '6.19.2' ],
247 silly audit   'pure-rand': [ '6.1.0' ],
247 silly audit   rc9: [ '2.1.2' ],
247 silly audit   react: [ '19.2.4' ],
247 silly audit   'react-dom': [ '19.2.4' ],
247 silly audit   'react-promise-suspense': [ '0.3.4' ],
247 silly audit   readdirp: [ '4.1.2' ],
247 silly audit   resend: [ '4.8.0' ],
247 silly audit   'resolve-pkg-maps': [ '1.0.0' ],
247 silly audit   rollup: [ '4.59.0' ],
247 silly audit   scheduler: [ '0.27.0' ],
247 silly audit   selderee: [ '0.11.0' ],
247 silly audit   semver: [ '7.7.4' ],
247 silly audit   sharp: [ '0.34.5' ],
247 silly audit   siginfo: [ '2.0.0' ],
247 silly audit   'source-map-js': [ '1.2.1' ],
247 silly audit   stackback: [ '0.0.2' ],
247 silly audit   'std-env': [ '3.10.0' ],
247 silly audit   'strip-literal': [ '3.1.0' ],
247 silly audit   'styled-jsx': [ '5.1.6' ],
247 silly audit   tinybench: [ '2.9.0' ],
247 silly audit   tinyexec: [ '1.0.4', '0.3.2' ],
247 silly audit   tinyglobby: [ '0.2.15' ],
247 silly audit   tinypool: [ '1.1.1' ],
247 silly audit   tinyrainbow: [ '2.0.0' ],
247 silly audit   tinyspy: [ '4.0.4' ],
247 silly audit   tslib: [ '2.8.1' ],
247 silly audit   tsx: [ '4.21.0' ],
247 silly audit   typescript: [ '5.9.3' ],
247 silly audit   'undici-types': [ '6.21.0' ],
247 silly audit   vite: [ '7.3.1' ],
247 silly audit   'vite-node': [ '3.2.4' ],
247 silly audit   vitest: [ '3.2.4' ],
247 silly audit   'why-is-node-running': [ '2.3.0' ],
247 silly audit   zod: [ '3.25.76' ],
247 silly audit   recharts: [ '3.8.0' ],
247 silly audit   'react-is': [ '19.2.4' ],
247 silly audit   '@reduxjs/toolkit': [ '2.11.2' ],
247 silly audit   clsx: [ '2.1.1' ],
247 silly audit   'decimal.js-light': [ '2.5.1' ],
247 silly audit   'es-toolkit': [ '1.45.1' ],
247 silly audit   eventemitter3: [ '5.0.4' ],
247 silly audit   immer: [ '10.2.0', '11.1.4' ],
247 silly audit   'react-redux': [ '9.2.0' ],
247 silly audit   reselect: [ '5.1.1' ],
247 silly audit   'tiny-invariant': [ '1.3.3' ],
247 silly audit   'use-sync-external-store': [ '1.6.0' ],
247 silly audit   'victory-vendor': [ '37.3.6' ],
247 silly audit   '@standard-schema/utils': [ '0.3.0' ],
247 silly audit   redux: [ '5.0.1' ],
247 silly audit   'redux-thunk': [ '3.1.0' ],
247 silly audit   '@types/use-sync-external-store': [ '0.0.6' ],
247 silly audit   '@types/d3-array': [ '3.2.2' ],
247 silly audit   '@types/d3-ease': [ '3.0.2' ],
247 silly audit   '@types/d3-interpolate': [ '3.0.4' ],
247 silly audit   '@types/d3-scale': [ '4.0.9' ],
247 silly audit   '@types/d3-shape': [ '3.1.8' ],
247 silly audit   '@types/d3-time': [ '3.0.4' ],
247 silly audit   '@types/d3-timer': [ '3.0.2' ],
247 silly audit   'd3-array': [ '3.2.4' ],
247 silly audit   'd3-ease': [ '3.0.1' ],
247 silly audit   'd3-interpolate': [ '3.0.1' ],
247 silly audit   'd3-scale': [ '4.0.2' ],
247 silly audit   'd3-shape': [ '3.2.0' ],
247 silly audit   'd3-time': [ '3.1.0' ],
247 silly audit   'd3-timer': [ '3.0.1' ],
247 silly audit   '@types/d3-color': [ '3.1.3' ],
247 silly audit   '@types/d3-path': [ '3.1.1' ],
247 silly audit   internmap: [ '2.0.3' ],
247 silly audit   'd3-color': [ '3.1.0' ],
247 silly audit   'd3-format': [ '3.1.2' ],
247 silly audit   'd3-time-format': [ '4.1.0' ],
247 silly audit   'd3-path': [ '3.1.0' ]
247 silly audit }
248 http cache @types/d3-path@https://registry.npmjs.org/@types/d3-path/-/d3-path-3.1.1.tgz 0ms (cache hit)
249 http cache @types/d3-color@https://registry.npmjs.org/@types/d3-color/-/d3-color-3.1.3.tgz 0ms (cache hit)
250 http cache internmap@https://registry.npmjs.org/internmap/-/internmap-2.0.3.tgz 0ms (cache hit)
251 http cache d3-color@https://registry.npmjs.org/d3-color/-/d3-color-3.1.0.tgz 0ms (cache hit)
252 http cache d3-path@https://registry.npmjs.org/d3-path/-/d3-path-3.1.0.tgz 0ms (cache hit)
253 http cache d3-time-format@https://registry.npmjs.org/d3-time-format/-/d3-time-format-4.1.0.tgz 0ms (cache hit)
254 http cache d3-time@https://registry.npmjs.org/d3-time/-/d3-time-3.1.0.tgz 0ms (cache hit)
255 http cache d3-scale@https://registry.npmjs.org/d3-scale/-/d3-scale-4.0.2.tgz 0ms (cache hit)
256 http cache d3-format@https://registry.npmjs.org/d3-format/-/d3-format-3.1.2.tgz 0ms (cache hit)
257 http cache d3-shape@https://registry.npmjs.org/d3-shape/-/d3-shape-3.2.0.tgz 0ms (cache hit)
258 http cache @types/d3-timer@https://registry.npmjs.org/@types/d3-timer/-/d3-timer-3.0.2.tgz 0ms (cache hit)
259 http cache @types/d3-scale@https://registry.npmjs.org/@types/d3-scale/-/d3-scale-4.0.9.tgz 0ms (cache hit)
260 http cache @types/d3-time@https://registry.npmjs.org/@types/d3-time/-/d3-time-3.0.4.tgz 0ms (cache hit)
261 http cache d3-array@https://registry.npmjs.org/d3-array/-/d3-array-3.2.4.tgz 0ms (cache hit)
262 http cache d3-timer@https://registry.npmjs.org/d3-timer/-/d3-timer-3.0.1.tgz 0ms (cache hit)
263 http cache @types/d3-array@https://registry.npmjs.org/@types/d3-array/-/d3-array-3.2.2.tgz 0ms (cache hit)
264 http cache @types/d3-ease@https://registry.npmjs.org/@types/d3-ease/-/d3-ease-3.0.2.tgz 0ms (cache hit)
265 http cache d3-interpolate@https://registry.npmjs.org/d3-interpolate/-/d3-interpolate-3.0.1.tgz 0ms (cache hit)
266 http cache @types/d3-shape@https://registry.npmjs.org/@types/d3-shape/-/d3-shape-3.1.8.tgz 0ms (cache hit)
267 http cache d3-ease@https://registry.npmjs.org/d3-ease/-/d3-ease-3.0.1.tgz 0ms (cache hit)
268 http cache redux@https://registry.npmjs.org/redux/-/redux-5.0.1.tgz 0ms (cache hit)
269 http cache @types/use-sync-external-store@https://registry.npmjs.org/@types/use-sync-external-store/-/use-sync-external-store-0.0.6.tgz 0ms (cache hit)
270 http cache @types/d3-interpolate@https://registry.npmjs.org/@types/d3-interpolate/-/d3-interpolate-3.0.4.tgz 0ms (cache hit)
271 http cache use-sync-external-store@https://registry.npmjs.org/use-sync-external-store/-/use-sync-external-store-1.6.0.tgz 0ms (cache hit)
272 http cache react-redux@https://registry.npmjs.org/react-redux/-/react-redux-9.2.0.tgz 0ms (cache hit)
273 http cache redux-thunk@https://registry.npmjs.org/redux-thunk/-/redux-thunk-3.1.0.tgz 0ms (cache hit)
274 http cache tiny-invariant@https://registry.npmjs.org/tiny-invariant/-/tiny-invariant-1.3.3.tgz 0ms (cache hit)
275 http cache immer@https://registry.npmjs.org/immer/-/immer-10.2.0.tgz 0ms (cache hit)
276 http cache @standard-schema/utils@https://registry.npmjs.org/@standard-schema/utils/-/utils-0.3.0.tgz 0ms (cache hit)
277 http cache es-toolkit@https://registry.npmjs.org/es-toolkit/-/es-toolkit-1.45.1.tgz 0ms (cache hit)
278 http cache @reduxjs/toolkit@https://registry.npmjs.org/@reduxjs/toolkit/-/toolkit-2.11.2.tgz 0ms (cache hit)
279 http cache victory-vendor@https://registry.npmjs.org/victory-vendor/-/victory-vendor-37.3.6.tgz 0ms (cache hit)
280 http cache eventemitter3@https://registry.npmjs.org/eventemitter3/-/eventemitter3-5.0.4.tgz 0ms (cache hit)
281 http cache reselect@https://registry.npmjs.org/reselect/-/reselect-5.1.1.tgz 0ms (cache hit)
282 http cache immer@https://registry.npmjs.org/immer/-/immer-11.1.4.tgz 0ms (cache hit)
283 http cache recharts@https://registry.npmjs.org/recharts/-/recharts-3.8.0.tgz 0ms (cache hit)
284 silly tarball no local data for @types/d3-path@https://registry.npmjs.org/@types/d3-path/-/d3-path-3.1.1.tgz. Extracting by manifest.
285 silly tarball no local data for @types/d3-color@https://registry.npmjs.org/@types/d3-color/-/d3-color-3.1.3.tgz. Extracting by manifest.
286 http cache clsx@https://registry.npmjs.org/clsx/-/clsx-2.1.1.tgz 0ms (cache hit)
287 silly tarball no local data for internmap@https://registry.npmjs.org/internmap/-/internmap-2.0.3.tgz. Extracting by manifest.
288 silly tarball no local data for d3-color@https://registry.npmjs.org/d3-color/-/d3-color-3.1.0.tgz. Extracting by manifest.
289 silly tarball no local data for d3-path@https://registry.npmjs.org/d3-path/-/d3-path-3.1.0.tgz. Extracting by manifest.
290 silly tarball no local data for d3-time-format@https://registry.npmjs.org/d3-time-format/-/d3-time-format-4.1.0.tgz. Extracting by manifest.
291 silly tarball no local data for d3-time@https://registry.npmjs.org/d3-time/-/d3-time-3.1.0.tgz. Extracting by manifest.
292 silly tarball no local data for d3-scale@https://registry.npmjs.org/d3-scale/-/d3-scale-4.0.2.tgz. Extracting by manifest.
293 silly tarball no local data for d3-format@https://registry.npmjs.org/d3-format/-/d3-format-3.1.2.tgz. Extracting by manifest.
294 silly tarball no local data for d3-shape@https://registry.npmjs.org/d3-shape/-/d3-shape-3.2.0.tgz. Extracting by manifest.
295 silly tarball no local data for @types/d3-timer@https://registry.npmjs.org/@types/d3-timer/-/d3-timer-3.0.2.tgz. Extracting by manifest.
296 silly tarball no local data for @types/d3-scale@https://registry.npmjs.org/@types/d3-scale/-/d3-scale-4.0.9.tgz. Extracting by manifest.
297 http cache decimal.js-light@https://registry.npmjs.org/decimal.js-light/-/decimal.js-light-2.5.1.tgz 0ms (cache hit)
298 silly tarball no local data for @types/d3-time@https://registry.npmjs.org/@types/d3-time/-/d3-time-3.0.4.tgz. Extracting by manifest.
299 silly tarball no local data for d3-array@https://registry.npmjs.org/d3-array/-/d3-array-3.2.4.tgz. Extracting by manifest.
300 silly tarball no local data for d3-timer@https://registry.npmjs.org/d3-timer/-/d3-timer-3.0.1.tgz. Extracting by manifest.
301 http cache react-is@https://registry.npmjs.org/react-is/-/react-is-19.2.4.tgz 0ms (cache hit)
302 silly tarball no local data for @types/d3-array@https://registry.npmjs.org/@types/d3-array/-/d3-array-3.2.2.tgz. Extracting by manifest.
303 silly tarball no local data for @types/d3-ease@https://registry.npmjs.org/@types/d3-ease/-/d3-ease-3.0.2.tgz. Extracting by manifest.
304 silly tarball no local data for d3-interpolate@https://registry.npmjs.org/d3-interpolate/-/d3-interpolate-3.0.1.tgz. Extracting by manifest.
305 silly tarball no local data for @types/d3-shape@https://registry.npmjs.org/@types/d3-shape/-/d3-shape-3.1.8.tgz. Extracting by manifest.
306 silly tarball no local data for d3-ease@https://registry.npmjs.org/d3-ease/-/d3-ease-3.0.1.tgz. Extracting by manifest.
307 silly tarball no local data for redux@https://registry.npmjs.org/redux/-/redux-5.0.1.tgz. Extracting by manifest.
308 silly tarball no local data for @types/use-sync-external-store@https://registry.npmjs.org/@types/use-sync-external-store/-/use-sync-external-store-0.0.6.tgz. Extracting by manifest.
309 silly tarball no local data for @types/d3-interpolate@https://registry.npmjs.org/@types/d3-interpolate/-/d3-interpolate-3.0.4.tgz. Extracting by manifest.
310 silly tarball no local data for use-sync-external-store@https://registry.npmjs.org/use-sync-external-store/-/use-sync-external-store-1.6.0.tgz. Extracting by manifest.
311 silly tarball no local data for react-redux@https://registry.npmjs.org/react-redux/-/react-redux-9.2.0.tgz. Extracting by manifest.
312 silly tarball no local data for redux-thunk@https://registry.npmjs.org/redux-thunk/-/redux-thunk-3.1.0.tgz. Extracting by manifest.
313 silly tarball no local data for tiny-invariant@https://registry.npmjs.org/tiny-invariant/-/tiny-invariant-1.3.3.tgz. Extracting by manifest.
314 silly tarball no local data for immer@https://registry.npmjs.org/immer/-/immer-10.2.0.tgz. Extracting by manifest.
315 silly tarball no local data for @standard-schema/utils@https://registry.npmjs.org/@standard-schema/utils/-/utils-0.3.0.tgz. Extracting by manifest.
316 silly tarball no local data for es-toolkit@https://registry.npmjs.org/es-toolkit/-/es-toolkit-1.45.1.tgz. Extracting by manifest.
317 silly tarball no local data for @reduxjs/toolkit@https://registry.npmjs.org/@reduxjs/toolkit/-/toolkit-2.11.2.tgz. Extracting by manifest.
318 silly tarball no local data for victory-vendor@https://registry.npmjs.org/victory-vendor/-/victory-vendor-37.3.6.tgz. Extracting by manifest.
319 silly tarball no local data for eventemitter3@https://registry.npmjs.org/eventemitter3/-/eventemitter3-5.0.4.tgz. Extracting by manifest.
320 silly tarball no local data for reselect@https://registry.npmjs.org/reselect/-/reselect-5.1.1.tgz. Extracting by manifest.
321 silly tarball no local data for immer@https://registry.npmjs.org/immer/-/immer-11.1.4.tgz. Extracting by manifest.
322 silly tarball no local data for recharts@https://registry.npmjs.org/recharts/-/recharts-3.8.0.tgz. Extracting by manifest.
323 silly tarball no local data for clsx@https://registry.npmjs.org/clsx/-/clsx-2.1.1.tgz. Extracting by manifest.
324 silly tarball no local data for decimal.js-light@https://registry.npmjs.org/decimal.js-light/-/decimal.js-light-2.5.1.tgz. Extracting by manifest.
325 silly tarball no local data for react-is@https://registry.npmjs.org/react-is/-/react-is-19.2.4.tgz. Extracting by manifest.
326 http fetch GET 200 https://registry.npmjs.org/@types/d3-color/-/d3-color-3.1.3.tgz 150ms (cache miss)
327 http fetch GET 200 https://registry.npmjs.org/@types/d3-path/-/d3-path-3.1.1.tgz 159ms (cache miss)
328 http fetch GET 200 https://registry.npmjs.org/d3-timer/-/d3-timer-3.0.1.tgz 153ms (cache miss)
329 http fetch GET 200 https://registry.npmjs.org/d3-ease/-/d3-ease-3.0.1.tgz 162ms (cache miss)
330 http fetch GET 200 https://registry.npmjs.org/@types/d3-ease/-/d3-ease-3.0.2.tgz 168ms (cache miss)
331 http fetch POST 200 https://registry.npmjs.org/-/npm/v1/security/advisories/bulk 207ms
332 silly audit report {}
333 http fetch GET 200 https://registry.npmjs.org/@types/d3-array/-/d3-array-3.2.2.tgz 205ms (cache miss)
334 http fetch GET 200 https://registry.npmjs.org/@types/use-sync-external-store/-/use-sync-external-store-0.0.6.tgz 218ms (cache miss)
335 http fetch GET 200 https://registry.npmjs.org/internmap/-/internmap-2.0.3.tgz 227ms (cache miss)
336 http fetch GET 200 https://registry.npmjs.org/d3-path/-/d3-path-3.1.0.tgz 229ms (cache miss)
337 http fetch GET 200 https://registry.npmjs.org/@types/d3-interpolate/-/d3-interpolate-3.0.4.tgz 231ms (cache miss)
338 http fetch GET 200 https://registry.npmjs.org/@standard-schema/utils/-/utils-0.3.0.tgz 274ms (cache miss)
339 http fetch GET 200 https://registry.npmjs.org/@types/d3-timer/-/d3-timer-3.0.2.tgz 286ms (cache miss)
340 http fetch GET 200 https://registry.npmjs.org/@types/d3-shape/-/d3-shape-3.1.8.tgz 287ms (cache miss)
341 http fetch GET 200 https://registry.npmjs.org/clsx/-/clsx-2.1.1.tgz 290ms (cache miss)
342 http fetch GET 200 https://registry.npmjs.org/@types/d3-time/-/d3-time-3.0.4.tgz 311ms (cache miss)
343 http fetch GET 200 https://registry.npmjs.org/d3-color/-/d3-color-3.1.0.tgz 336ms (cache miss)
344 http fetch GET 200 https://registry.npmjs.org/react-is/-/react-is-19.2.4.tgz 310ms (cache miss)
345 http fetch GET 200 https://registry.npmjs.org/@types/d3-scale/-/d3-scale-4.0.9.tgz 348ms (cache miss)
346 http fetch GET 200 https://registry.npmjs.org/redux-thunk/-/redux-thunk-3.1.0.tgz 359ms (cache miss)
347 http fetch GET 200 https://registry.npmjs.org/eventemitter3/-/eventemitter3-5.0.4.tgz 392ms (cache miss)
348 http fetch GET 200 https://registry.npmjs.org/decimal.js-light/-/decimal.js-light-2.5.1.tgz 385ms (cache miss)
349 http fetch GET 200 https://registry.npmjs.org/tiny-invariant/-/tiny-invariant-1.3.3.tgz 409ms (cache miss)
350 http fetch GET 200 https://registry.npmjs.org/d3-time/-/d3-time-3.1.0.tgz 437ms (cache miss)
351 http fetch GET 200 https://registry.npmjs.org/use-sync-external-store/-/use-sync-external-store-1.6.0.tgz 450ms (cache miss)
352 http fetch GET 200 https://registry.npmjs.org/d3-scale/-/d3-scale-4.0.2.tgz 540ms (cache miss)
353 http fetch GET 200 https://registry.npmjs.org/d3-interpolate/-/d3-interpolate-3.0.1.tgz 580ms (cache miss)
354 http fetch GET 200 https://registry.npmjs.org/redux/-/redux-5.0.1.tgz 580ms (cache miss)
355 http fetch GET 200 https://registry.npmjs.org/d3-time-format/-/d3-time-format-4.1.0.tgz 631ms (cache miss)
356 http fetch GET 200 https://registry.npmjs.org/reselect/-/reselect-5.1.1.tgz 620ms (cache miss)
357 http fetch GET 200 https://registry.npmjs.org/immer/-/immer-10.2.0.tgz 662ms (cache miss)
358 http fetch GET 200 https://registry.npmjs.org/immer/-/immer-11.1.4.tgz 689ms (cache miss)
359 http fetch GET 200 https://registry.npmjs.org/react-redux/-/react-redux-9.2.0.tgz 742ms (cache miss)
360 http fetch GET 200 https://registry.npmjs.org/d3-array/-/d3-array-3.2.4.tgz 775ms (cache miss)
361 http fetch GET 200 https://registry.npmjs.org/d3-format/-/d3-format-3.1.2.tgz 780ms (cache miss)
362 http fetch GET 200 https://registry.npmjs.org/d3-shape/-/d3-shape-3.2.0.tgz 789ms (cache miss)
363 http fetch GET 200 https://registry.npmjs.org/victory-vendor/-/victory-vendor-37.3.6.tgz 1721ms (cache miss)
364 http fetch GET 200 https://registry.npmjs.org/@reduxjs/toolkit/-/toolkit-2.11.2.tgz 1871ms (cache miss)
365 http fetch GET 200 https://registry.npmjs.org/recharts/-/recharts-3.8.0.tgz 3135ms (cache miss)
366 http fetch GET 200 https://registry.npmjs.org/es-toolkit/-/es-toolkit-1.45.1.tgz 6135ms (cache miss)
367 silly ADD node_modules/d3-path
368 silly ADD node_modules/d3-time-format
369 silly ADD node_modules/d3-format
370 silly ADD node_modules/d3-color
371 silly ADD node_modules/internmap
372 silly ADD node_modules/@types/d3-path
373 silly ADD node_modules/@types/d3-color
374 silly ADD node_modules/d3-timer
375 silly ADD node_modules/d3-time
376 silly ADD node_modules/d3-shape
377 silly ADD node_modules/d3-scale
378 silly ADD node_modules/d3-interpolate
379 silly ADD node_modules/d3-ease
380 silly ADD node_modules/d3-array
381 silly ADD node_modules/@types/d3-timer
382 silly ADD node_modules/@types/d3-time
383 silly ADD node_modules/@types/d3-shape
384 silly ADD node_modules/@types/d3-scale
385 silly ADD node_modules/@types/d3-interpolate
386 silly ADD node_modules/@types/d3-ease
387 silly ADD node_modules/@types/d3-array
388 silly ADD node_modules/@types/use-sync-external-store
389 silly ADD node_modules/redux-thunk
390 silly ADD node_modules/redux
391 silly ADD node_modules/@standard-schema/utils
392 silly ADD node_modules/victory-vendor
393 silly ADD node_modules/use-sync-external-store
394 silly ADD node_modules/tiny-invariant
395 silly ADD node_modules/reselect
396 silly ADD node_modules/react-redux
397 silly ADD node_modules/immer
398 silly ADD node_modules/eventemitter3
399 silly ADD node_modules/es-toolkit
400 silly ADD node_modules/decimal.js-light
401 silly ADD node_modules/clsx
402 silly ADD node_modules/@reduxjs/toolkit
403 silly ADD node_modules/@reduxjs/toolkit/node_modules/immer
404 silly ADD node_modules/react-is
405 silly ADD node_modules/recharts
406 verbose cwd C:\Users\tradu\OneDrive\Documentos\Aplicaciones\ResponsibleWealth
407 verbose os Windows_NT 10.0.26200
408 verbose node v24.13.0
409 verbose npm  v11.6.2
410 verbose exit 0
411 info ok
